2026-04-15 15:53:20,318 - INFO - PC listener started
2026-04-15 15:54:52,355 - INFO - PC listener started
2026-04-15 15:56:16,022 - INFO - Starting app/URL: https://www.youtube.com
2026-04-15 15:56:53,367 - INFO - PC listener started
2026-04-15 15:57:11,170 - INFO - PC listener started
2026-04-15 15:57:28,819 - INFO - Starting app: cmd.exe /c start code
2026-04-15 15:57:28,847 - INFO - Starting app: cmd.exe /c start spotify
2026-04-15 15:57:28,855 - INFO - Starting app: cmd.exe /c start msedge
2026-04-15 15:57:29,044 - INFO - Starting app/URL: code
2026-04-15 15:57:29,069 - INFO - Starting app/URL: spotify
2026-04-15 15:57:29,094 - INFO - Starting app/URL: msedge
2026-04-15 15:57:29,635 - INFO - Starting app: cmd.exe /c start code
2026-04-15 15:57:29,661 - INFO - Starting app: cmd.exe /c start spotify
2026-04-15 15:57:29,676 - INFO - Starting app: cmd.exe /c start msedge
2026-04-15 15:57:29,938 - INFO - Executed action 20 mode=coding
2026-04-15 15:57:30,121 - INFO - Executed action 20 mode=coding
2026-04-15 15:57:30,729 - INFO - Executed action 20 mode=coding
2026-04-15 15:58:18,756 - INFO - Starting app/URL: https://www.youtube.com
2026-04-15 15:58:18,771 - INFO - Starting app/URL: https://www.netflix.com
2026-04-15 15:58:18,820 - INFO - Starting app/URL: msedge
2026-04-15 15:58:19,803 - INFO - Executed action 21 mode=fun
2026-04-15 15:59:02,792 - INFO - PC listener started
2026-04-15 15:59:38,442 - INFO - Starting app/URL: https://www.youtube.com
2026-04-15 15:59:39,448 - INFO - Executed action 22 mode=study
2026-04-15 15:59:47,512 - INFO - Starting app/URL: https://www.youtube.com
2026-04-15 15:59:47,517 - INFO - Starting app/URL: https://www.netflix.com
2026-04-15 15:59:47,542 - INFO - Starting app/URL: msedge
2026-04-15 15:59:48,536 - INFO - Starting app/URL: https://www.youtube.com
2026-04-15 15:59:48,539 - INFO - Starting app/URL: https://www.netflix.com
2026-04-15 15:59:48,545 - INFO - Starting app/URL: msedge
2026-04-15 15:59:48,633 - INFO - Executed action 23 mode=fun
2026-04-15 15:59:49,576 - INFO - Executed action 23 mode=fun
2026-04-15 16:14:23,430 - INFO - Opened selector page for request 10
2026-04-15 16:14:23,803 - INFO - Opened selector page for request 10
2026-04-15 16:14:24,287 - INFO - Opened selector page for request 10
2026-04-15 16:14:24,480 - INFO - Opened selector page for request 10
2026-04-15 16:14:25,034 - INFO - Opened selector page for request 10
2026-04-15 16:14:40,670 - INFO - Starting app: cmd.exe /c start msedge "https://www.youtube.com"
2026-04-15 16:14:40,819 - INFO - Starting app/URL: https://www.youtube.com
2026-04-15 16:14:41,785 - INFO - Executed action 24 mode=study
2026-04-15 16:14:41,838 - INFO - Executed action 24 mode=study
